2019-09-16 14:36:58,664  INFO [http-nio-8082-exec-6] AddServiceServlet:62 - vijayawadahyderabadAC9:00 AM3:00 PM62036
 2019-09-16 14:36:59,558  INFO [http-nio-8082-exec-6] AddServiceServlet:66 - service number is: 3187
 2019-09-16 17:23:34,949  INFO [http-nio-8082-exec-5] HomePageServlet:41 - User Search Details Added Succcessfully
 2019-09-16 17:25:53,963  INFO [http-nio-8082-exec-6] HomePageServlet:41 - User Search Details Added Succcessfully
 2019-09-17 14:04:57,975  INFO [http-nio-8082-exec-8] HomePageServlet:42 - User Search Details Added Succcessfully
 2019-09-17 14:14:34,768  INFO [http-nio-8082-exec-4] HomePageServlet:42 - User Search Details Added Succcessfully
 2019-09-17 14:16:27,554  INFO [http-nio-8082-exec-6] HomePageServlet:42 - User Search Details Added Succcessfully
 2019-09-17 14:20:19,058  INFO [http-nio-8082-exec-5] HomePageServlet:42 - User Search Details Added Succcessfully
 2019-09-17 14:20:19,110  INFO [http-nio-8082-exec-5] HomePageServlet:65 - 3186  warangal  hyderabad  2:30 PM  7:00 PM  30  217  
 2019-09-17 14:33:17,108  INFO [http-nio-8082-exec-4] TicketReservationServlet:62 - Bookings successfully Updated
 2019-09-17 14:33:17,438  INFO [http-nio-8082-exec-4] TicketReservationServlet:111 - Success
 2019-09-17 14:33:17,558  INFO [http-nio-8082-exec-4] TicketReservationServlet:111 - Success
 2019-09-17 14:42:26,427  INFO [http-nio-8082-exec-9] HomePageServlet:42 - User Search Details Added Succcessfully
 2019-09-17 14:42:26,482  INFO [http-nio-8082-exec-9] HomePageServlet:65 - 3186  warangal  hyderabad  2:30 PM  7:00 PM  30  217  
 2019-09-17 15:02:58,886  INFO [http-nio-8082-exec-1] HomePageServlet:42 - User Search Details Added Succcessfully
 2019-09-17 15:03:18,698  INFO [http-nio-8082-exec-5] HomePageServlet:42 - User Search Details Added Succcessfully
 2019-09-17 15:03:18,846  INFO [http-nio-8082-exec-5] HomePageServlet:65 - 3186  warangal  hyderabad  2:30 PM  7:00 PM  30  217  
 2019-09-17 15:08:06,695  INFO [http-nio-8082-exec-8] HomePageServlet:42 - User Search Details Added Succcessfully
 2019-09-17 15:08:14,465  INFO [http-nio-8082-exec-7] HomePageServlet:42 - User Search Details Added Succcessfully
 2019-09-17 15:08:19,851  INFO [http-nio-8082-exec-3] HomePageServlet:42 - User Search Details Added Succcessfully
 2019-09-17 15:08:54,523  INFO [http-nio-8082-exec-4] HomePageServlet:42 - User Search Details Added Succcessfully
 2019-09-17 15:08:54,591  INFO [http-nio-8082-exec-4] HomePageServlet:65 - 3185  vijayawada  hyderabad  11:15 PM  5:10 Am  21  370  
 2019-09-17 15:08:54,591  INFO [http-nio-8082-exec-4] HomePageServlet:65 - 3187  vijayawada  hyderabad  9:00 AM  3:00 PM  36  620  
 2019-09-17 15:20:38,830  INFO [http-nio-8082-exec-9] TicketReservationServlet:62 - Bookings successfully Updated
 2019-09-17 15:20:39,022  INFO [http-nio-8082-exec-9] TicketReservationServlet:111 - Success
 2019-09-17 15:27:30,843  INFO [http-nio-8082-exec-9] HomePageServlet:42 - User Search Details Added Succcessfully
 2019-09-17 15:27:30,862  INFO [http-nio-8082-exec-9] HomePageServlet:65 - 3185  vijayawada  hyderabad  11:15 PM  5:10 Am  21  370  
 2019-09-17 15:27:30,863  INFO [http-nio-8082-exec-9] HomePageServlet:65 - 3187  vijayawada  hyderabad  9:00 AM  3:00 PM  36  620  
 2019-09-17 15:38:19,495  INFO [http-nio-8082-exec-8] HomePageServlet:42 - User Search Details Added Succcessfully
 2019-09-17 15:38:19,523  INFO [http-nio-8082-exec-8] HomePageServlet:65 - 3186  warangal  hyderabad  2:30 PM  7:00 PM  30  217  
 2019-09-17 16:31:32,030  INFO [http-nio-8082-exec-8] HomePageServlet:42 - User Search Details Added Succcessfully
 2019-09-17 16:33:23,882  INFO [http-nio-8082-exec-2] HomePageServlet:42 - User Search Details Added Succcessfully
 2019-09-18 09:11:55,345  INFO [http-nio-8082-exec-6] HomePageServlet:42 - User Search Details Added Succcessfully
 2019-09-18 09:15:34,976  INFO [http-nio-8082-exec-2] HomePageServlet:42 - User Search Details Added Succcessfully
 2019-09-18 09:15:53,068  INFO [http-nio-8082-exec-5] HomePageServlet:42 - User Search Details Added Succcessfully
 2019-09-18 09:16:32,676  INFO [http-nio-8082-exec-9] HomePageServlet:42 - User Search Details Added Succcessfully
 2019-09-18 09:16:32,707  INFO [http-nio-8082-exec-9] HomePageServlet:65 - 3185  vijayawada  hyderabad  11:15 PM  5:10 Am  21  370  
 2019-09-18 09:16:32,707  INFO [http-nio-8082-exec-9] HomePageServlet:65 - 3187  vijayawada  hyderabad  9:00 AM  3:00 PM  36  620  
 2019-09-18 09:19:46,347  INFO [http-nio-8082-exec-5] HomePageServlet:42 - User Search Details Added Succcessfully
 2019-09-18 09:19:46,383  INFO [http-nio-8082-exec-5] HomePageServlet:65 - 3185  vijayawada  hyderabad  11:15 PM  5:10 Am  21  370  
 2019-09-18 09:19:46,384  INFO [http-nio-8082-exec-5] HomePageServlet:65 - 3187  vijayawada  hyderabad  9:00 AM  3:00 PM  36  620  
 2019-09-18 09:20:11,222  INFO [http-nio-8082-exec-10] TicketReservationServlet:62 - Bookings successfully Updated
 2019-09-18 09:20:11,393  INFO [http-nio-8082-exec-10] TicketReservationServlet:111 - Success
 2019-09-18 09:29:20,391  INFO [http-nio-8082-exec-16] AddServiceServlet:63 - gunturkhammamAC5:00 PM10:30 AM67027
 2019-09-18 09:29:20,450  INFO [http-nio-8082-exec-16] AddServiceServlet:67 - service number is: 3187
 2019-09-18 10:09:47,234  INFO [http-nio-8082-exec-6] HomePageServlet:41 - User Search Details Added Succcessfully
 2019-09-18 10:10:39,760  INFO [http-nio-8082-exec-2] HomePageServlet:41 - User Search Details Added Succcessfully
 2019-09-18 10:11:08,729  INFO [http-nio-8082-exec-6] HomePageServlet:41 - User Search Details Added Succcessfully
 2019-09-18 10:12:42,812  INFO [http-nio-8082-exec-10] HomePageServlet:41 - User Search Details Added Succcessfully
 2019-09-18 10:13:12,565  INFO [http-nio-8082-exec-1] HomePageServlet:41 - User Search Details Added Succcessfully
 2019-09-18 10:13:12,601  INFO [http-nio-8082-exec-1] HomePageServlet:64 - 3186  hyderabad  bangalore  9:00 AM  8:10 PM  34  1120  
 2019-09-18 10:20:28,934 FATAL [http-nio-8082-exec-10] HomePageServlet:128 - java.sql.SQLIntegrityConstraintViolationException: Duplicate entry 'admin' for key 'PRIMARY'
 2019-09-18 12:36:36,464  INFO [http-nio-8082-exec-4] AddServiceServlet:63 - hyderabadbangaloreAC6:00 AM4:20 PM76238
 2019-09-18 12:36:36,594  INFO [http-nio-8082-exec-4] AddServiceServlet:67 - service number is: 3187
 2019-09-18 12:36:36,815  INFO [http-nio-8082-exec-4] HomePageServlet:241 - com.travelline.bean.Services@31271376
 2019-09-18 12:43:54,925  INFO [http-nio-8082-exec-5] AddServiceServlet:63 - hyderabadgunturNon-Ac7:00 AM1:00 PM32433
 2019-09-18 12:43:54,954  INFO [http-nio-8082-exec-5] AddServiceServlet:67 - service number is: 3188
 2019-09-18 12:43:55,051  INFO [http-nio-8082-exec-5] HomePageServlet:241 - com.travelline.bean.Services@4a33b63
 2019-09-18 12:44:33,067  INFO [http-nio-8082-exec-4] AddServiceServlet:63 - hyderabadgunturNon-Ac12:00 PM5:00 PM32433
 2019-09-18 12:44:33,085  INFO [http-nio-8082-exec-4] AddServiceServlet:67 - service number is: 3189
 2019-09-18 12:44:33,145  INFO [http-nio-8082-exec-4] HomePageServlet:241 - com.travelline.bean.Services@45e4a1c8
 2019-09-18 12:45:17,690  INFO [http-nio-8082-exec-5] AddServiceServlet:63 - hyderabadbangaloreNon-Ac10:15 AM9:40 PM64731
 2019-09-18 12:45:17,710  INFO [http-nio-8082-exec-5] AddServiceServlet:67 - service number is: 3190
 2019-09-18 12:45:17,824  INFO [http-nio-8082-exec-5] HomePageServlet:241 - com.travelline.bean.Services@3ba68e2
 2019-09-18 12:46:44,392  INFO [http-nio-8082-exec-1] AddServiceServlet:63 - hyderabadgunturAc11:30 PM5:30 AM37431
 2019-09-18 12:46:44,409  INFO [http-nio-8082-exec-1] AddServiceServlet:67 - service number is: 3191
 2019-09-18 12:46:44,489  INFO [http-nio-8082-exec-1] HomePageServlet:241 - com.travelline.bean.Services@2f62689d
 2019-09-18 12:47:26,707  INFO [http-nio-8082-exec-9] AddServiceServlet:63 - hyderabadbangaloreAc11:15 PM8:30 AM76234
 2019-09-18 12:47:26,729  INFO [http-nio-8082-exec-9] AddServiceServlet:67 - service number is: 3192
 2019-09-18 12:47:26,846  INFO [http-nio-8082-exec-9] HomePageServlet:241 - com.travelline.bean.Services@64bb60d0
 2019-09-18 12:48:54,561  INFO [http-nio-8082-exec-10] AddServiceServlet:63 - hyderabadgunturNon-Ac2:00 PM8:00 PM32433
 2019-09-18 12:48:54,579  INFO [http-nio-8082-exec-10] AddServiceServlet:67 - service number is: 3193
 2019-09-18 12:48:54,642  INFO [http-nio-8082-exec-10] HomePageServlet:241 - com.travelline.bean.Services@64c0190c
 2019-09-18 12:49:57,201  INFO [http-nio-8082-exec-7] AddServiceServlet:63 - hyderabadgunturAc10:00 PM4:00 PM45026
 2019-09-18 12:49:57,219  INFO [http-nio-8082-exec-7] AddServiceServlet:67 - service number is: 3194
 2019-09-18 12:49:57,322  INFO [http-nio-8082-exec-7] HomePageServlet:241 - com.travelline.bean.Services@115520fc
 2019-09-18 12:51:41,202  INFO [http-nio-8082-exec-10] AddServiceServlet:63 - hyderabadbangaloreAc8:00 PM5:00 AM76240
 2019-09-18 12:51:41,220  INFO [http-nio-8082-exec-10] AddServiceServlet:67 - service number is: 3195
 2019-09-18 12:51:41,428  INFO [http-nio-8082-exec-10] HomePageServlet:241 - com.travelline.bean.Services@5c8c2fb2
 2019-09-18 12:52:21,391  INFO [http-nio-8082-exec-7] AddServiceServlet:63 - hyderabadbangaloreAc5:30 PM4:00 AM76238
 2019-09-18 12:52:21,406  INFO [http-nio-8082-exec-7] AddServiceServlet:67 - service number is: 3196
 2019-09-18 12:52:21,477  INFO [http-nio-8082-exec-7] HomePageServlet:241 - com.travelline.bean.Services@6274fe75
 2019-09-18 12:54:09,276  INFO [http-nio-8082-exec-6] AddServiceServlet:63 - hyderabadchennaiAC7:00 PM6:45 AM116139
 2019-09-18 12:54:09,293  INFO [http-nio-8082-exec-6] AddServiceServlet:67 - service number is: 3197
 2019-09-18 12:54:09,366  INFO [http-nio-8082-exec-6] HomePageServlet:241 - com.travelline.bean.Services@30084cd3
 2019-09-18 12:54:45,217  INFO [http-nio-8082-exec-1] AddServiceServlet:63 - hyderabadchennaiAC8:00 PM7:45 AM116140
 2019-09-18 12:54:45,234  INFO [http-nio-8082-exec-1] AddServiceServlet:67 - service number is: 3198
 2019-09-18 12:54:45,318  INFO [http-nio-8082-exec-1] HomePageServlet:241 - com.travelline.bean.Services@6a9d2134
 